<?xml version="1.0" encoding="UTF-8"?>
<!-- Generated by org.testng.reporters.JUnitReportReporter -->
<testsuite skipped="0" hostname="DESKTOP-IF51B0T" name="com.testNG.ParallelExecution2" tests="3" failures="0" timestamp="22 Jul 2020 14:08:41 GMT" time="0.023" errors="0">
  <testcase name="testcase4" time="0.014" classname="com.testNG.ParallelExecution2"/>
  <testcase name="testcase6" time="0.001" classname="com.testNG.ParallelExecution2"/>
  <testcase name="testcase5" time="0.008" classname="com.testNG.ParallelExecution2"/>
</testsuite> <!-- com.testNG.ParallelExecution2 -->
