<?xml version="1.0" encoding="UTF-8"?>
<!-- Generated by org.testng.reporters.JUnitReportReporter -->
<testsuite skipped="0" hostname="DESKTOP-IF51B0T" name="com.testNG.Facebook_Login" tests="1" failures="0" timestamp="22 Jul 2020 17:27:25 GMT" time="15.382" errors="0">
  <testcase name="testcase2" time="15.382" classname="com.testNG.Facebook_Login"/>
</testsuite> <!-- com.testNG.Facebook_Login -->
