<?xml version="1.0" encoding="UTF-8"?>
<!-- Generated by org.testng.reporters.JUnitReportReporter -->
<testsuite skipped="0" hostname="DESKTOP-IF51B0T" name="com.testNG.Priorty_Testcase" tests="3" failures="0" timestamp="22 Jul 2020 14:08:41 GMT" time="0.009" errors="0">
  <testcase name="testcase1" time="0.003" classname="com.testNG.Priorty_Testcase"/>
  <testcase name="testcase3" time="0.004" classname="com.testNG.Priorty_Testcase"/>
  <testcase name="testcase2" time="0.002" classname="com.testNG.Priorty_Testcase"/>
</testsuite> <!-- com.testNG.Priorty_Testcase -->
