<?xml version="1.0" encoding="UTF-8"?>
<!-- Generated by org.testng.reporters.JUnitReportReporter -->
<testsuite skipped="0" hostname="DESKTOP-IF51B0T" name="com.testcase.Facebook_LoginTestcase" tests="1" failures="0" timestamp="26 Jul 2020 08:09:20 GMT" time="2.484" errors="0">
  <testcase name="login" time="2.484" classname="com.testcase.Facebook_LoginTestcase"/>
</testsuite> <!-- com.testcase.Facebook_LoginTestcase -->
