<?xml version="1.0" encoding="UTF-8"?>
<!-- Generated by org.testng.reporters.JUnitReportReporter -->
<testsuite skipped="0" hostname="DESKTOP-IF51B0T" name="com.org.dailytask.FaceBookFrameWork" tests="2" failures="0" timestamp="11 Aug 2020 14:03:56 GMT" time="25.946" errors="0">
  <testcase name="LoginToApp" time="10.377" classname="com.org.dailytask.FaceBookFrameWork"/>
  <testcase name="RegisterPage" time="15.569" classname="com.org.dailytask.FaceBookFrameWork"/>
</testsuite> <!-- com.org.dailytask.FaceBookFrameWork -->
