<?xml version="1.0" encoding="UTF-8"?>
<!-- Generated by org.testng.reporters.JUnitReportReporter -->
<testsuite skipped="0" hostname="DESKTOP-IF51B0T" name="com.testcase.faceBook_RegisterTestcase" tests="1" failures="0" timestamp="29 Jul 2020 12:29:50 GMT" time="1.985" errors="0">
  <testcase name="login" time="1.985" classname="com.testcase.faceBook_RegisterTestcase"/>
</testsuite> <!-- com.testcase.faceBook_RegisterTestcase -->
