<?xml version="1.0" encoding="UTF-8"?>
<!-- Generated by org.testng.reporters.JUnitReportReporter -->
<testsuite skipped="0" hostname="DESKTOP-IF51B0T" name="com.org.DataDrivenFrameWork.ExcelLogin" tests="1" failures="0" timestamp="14 Aug 2020 15:07:05 GMT" time="55.229" errors="0">
  <testcase name="login" time="55.229" classname="com.org.DataDrivenFrameWork.ExcelLogin"/>
</testsuite> <!-- com.org.DataDrivenFrameWork.ExcelLogin -->
